<?xml version="1.0" encoding="UTF-8"?>
<!-- Generated by org.testng.reporters.JUnitReportReporter -->
<testsuite hostname="DESKTOP-J0DBHLB" name="test.OmgeoHomePageTest" tests="4" failures="0" timestamp="12 Apr 2016 12:48:53 GMT" time="5.276" errors="0">
  <testcase name="leaderShipPage" time="2.019" classname="test.OmgeoHomePageTest"/>
  <testcase name="test_Home_Page_Appear_Correct" time="1.517" classname="test.OmgeoHomePageTest"/>
  <testcase name="AlertPage" time="1.709" classname="test.OmgeoHomePageTest"/>
  <testcase name="test_About_Page_Correct" time="0.031" classname="test.OmgeoHomePageTest"/>
</testsuite> <!-- test.OmgeoHomePageTest -->
