<?xml version="1.0" encoding="UTF-8"?>
<!-- Generated by org.testng.reporters.JUnitReportReporter -->
<testsuite hostname="DESKTOP-J0DBHLB" name="test.OmgeoHomePageTestingV1" tests="8" failures="0" timestamp="13 Apr 2016 02:24:40 GMT" time="16.647" errors="0">
  <testcase name="test_About_Page_Correct" time="0.527" classname="test.OmgeoHomePageTestingV1"/>
  <testcase name="AlertPage" time="0.970" classname="test.OmgeoHomePageTestingV1"/>
  <testcase name="test_About_Page_Correct" time="4.075" classname="test.OmgeoHomePageTestingV1"/>
  <testcase name="leaderShipPage" time="2.150" classname="test.OmgeoHomePageTestingV1"/>
  <testcase name="test_Home_Page_Appear_Correct" time="0.015" classname="test.OmgeoHomePageTestingV1"/>
  <testcase name="leaderShipPage" time="2.279" classname="test.OmgeoHomePageTestingV1"/>
  <testcase name="AlertPage" time="6.545" classname="test.OmgeoHomePageTestingV1"/>
  <testcase name="test_Home_Page_Appear_Correct" time="0.086" classname="test.OmgeoHomePageTestingV1"/>
</testsuite> <!-- test.OmgeoHomePageTestingV1 -->
